1614613999613	geckodriver	INFO	Listening on 127.0.0.1:53637
1614614002661	mozrunner::runner	INFO	Running command: "C:\\Program Files (x86)\\Mozilla Firefox\\firefox.exe" "--marionette" "-foreground" "-no-remote" "-profile" "C:\\Users\\trant\\AppData\\Local\\Temp\\rust_mozprofile9cUG2f"
1614614059652	geckodriver	INFO	Listening on 127.0.0.1:53696
1614614062696	mozrunner::runner	INFO	Running command: "C:\\Program Files (x86)\\Mozilla Firefox\\firefox.exe" "--marionette" "-foreground" "-no-remote" "-profile" "C:\\Users\\trant\\AppData\\Local\\Temp\\rust_mozprofileK53UNa"
console.warn: SearchSettings: "get: No settings file exists, new profile?" (new Error("", "(unknown module)"))
1614614065561	Marionette	INFO	Listening on port 53704
1614614065841	Marionette	WARN	TLS certificate errors will be ignored for this session
1614614090897	Marionette	INFO	Stopped listening on port 53704

###!!! [Child][RunMessage] Error: Channel closing: too late to send/recv, messages will be lost

1614614239582	geckodriver	INFO	Listening on 127.0.0.1:53869
1614614242633	mozrunner::runner	INFO	Running command: "C:\\Program Files (x86)\\Mozilla Firefox\\firefox.exe" "--marionette" "-foreground" "-no-remote" "-profile" "C:\\Users\\trant\\AppData\\Local\\Temp\\rust_mozprofilexui9hi"
console.warn: SearchSettings: "get: No settings file exists, new profile?" (new Error("", "(unknown module)"))
1614614244862	Marionette	INFO	Listening on port 53877
1614614245262	Marionette	WARN	TLS certificate errors will be ignored for this session
1614614265788	Marionette	INFO	Stopped listening on port 53877

###!!! [Child][RunMessage] Error: Channel closing: too late to send/recv, messages will be lost

1614614747651	geckodriver	INFO	Listening on 127.0.0.1:54171
1614614750707	mozrunner::runner	INFO	Running command: "C:\\Program Files (x86)\\Mozilla Firefox\\firefox.exe" "--marionette" "-foreground" "-no-remote" "-profile" "C:\\Users\\trant\\AppData\\Local\\Temp\\rust_mozprofileVmPCpx"
console.warn: SearchSettings: "get: No settings file exists, new profile?" (new Error("", "(unknown module)"))
1614614753263	Marionette	INFO	Listening on port 54179
1614614753368	Marionette	WARN	TLS certificate errors will be ignored for this session
1614614772904	Marionette	INFO	Stopped listening on port 54179

###!!! [Child][RunMessage] Error: Channel closing: too late to send/recv, messages will be lost

1614614783702	geckodriver	INFO	Listening on 127.0.0.1:54296
1614614786792	mozrunner::runner	INFO	Running command: "C:\\Program Files (x86)\\Mozilla Firefox\\firefox.exe" "--marionette" "-foreground" "-no-remote" "-profile" "C:\\Users\\trant\\AppData\\Local\\Temp\\rust_mozprofilebl3P5V"
console.warn: SearchSettings: "get: No settings file exists, new profile?" (new Error("", "(unknown module)"))
1614614789078	Marionette	INFO	Listening on port 54304
1614614789428	Marionette	WARN	TLS certificate errors will be ignored for this session
1614614808749	Marionette	INFO	Stopped listening on port 54304

###!!! [Child][RunMessage] Error: Channel closing: too late to send/recv, messages will be lost

1614614819579	geckodriver	INFO	Listening on 127.0.0.1:54421
1614614822618	mozrunner::runner	INFO	Running command: "C:\\Program Files (x86)\\Mozilla Firefox\\firefox.exe" "--marionette" "-foreground" "-no-remote" "-profile" "C:\\Users\\trant\\AppData\\Local\\Temp\\rust_mozprofilerdVyLg"
console.warn: SearchSettings: "get: No settings file exists, new profile?" (new Error("", "(unknown module)"))
1614614824991	Marionette	INFO	Listening on port 54430
JavaScript error: resource://activity-stream/lib/ASRouter.jsm, line 988: NS_ERROR_ILLEGAL_VALUE: Component returned failure code: 0x80070057 (NS_ERROR_ILLEGAL_VALUE) [nsIObserverService.removeObserver]
[Parent 2460, IPC I/O Parent] WARNING: file /builds/worker/checkouts/gecko/ipc/chromium/src/base/process_util_win.cc:167
[Parent 2460, IPC I/O Parent] WARNING: file /builds/worker/checkouts/gecko/ipc/chromium/src/base/process_util_win.cc:167
1614614826147	Marionette	INFO	Stopped listening on port 54430

###!!! [Child][RunMessage] Error: Channel closing: too late to send/recv, messages will be lost

1614614843097	geckodriver	INFO	Listening on 127.0.0.1:54460
1614614846144	mozrunner::runner	INFO	Running command: "C:\\Program Files (x86)\\Mozilla Firefox\\firefox.exe" "--marionette" "-foreground" "-no-remote" "-profile" "C:\\Users\\trant\\AppData\\Local\\Temp\\rust_mozprofilezWr0Vp"
console.warn: SearchSettings: "get: No settings file exists, new profile?" (new Error("", "(unknown module)"))
1614614848609	Marionette	INFO	Listening on port 54468
1614614848778	Marionette	WARN	TLS certificate errors will be ignored for this session
1614614859292	Marionette	INFO	Stopped listening on port 54468

###!!! [Child][RunMessage] Error: Channel closing: too late to send/recv, messages will be lost

1614614860998	geckodriver	INFO	Listening on 127.0.0.1:54627
1614614864044	mozrunner::runner	INFO	Running command: "C:\\Program Files (x86)\\Mozilla Firefox\\firefox.exe" "--marionette" "-foreground" "-no-remote" "-profile" "C:\\Users\\trant\\AppData\\Local\\Temp\\rust_mozprofile7YfY61"
console.warn: SearchSettings: "get: No settings file exists, new profile?" (new Error("", "(unknown module)"))
1614614866262	Marionette	INFO	Listening on port 54635
1614614866679	Marionette	WARN	TLS certificate errors will be ignored for this session
1614614877197	Marionette	INFO	Stopped listening on port 54635

###!!! [Child][RunMessage] Error: Channel closing: too late to send/recv, messages will be lost

1614614878897	geckodriver	INFO	Listening on 127.0.0.1:54774
1614614881943	mozrunner::runner	INFO	Running command: "C:\\Program Files (x86)\\Mozilla Firefox\\firefox.exe" "--marionette" "-foreground" "-no-remote" "-profile" "C:\\Users\\trant\\AppData\\Local\\Temp\\rust_mozprofileiHTVKT"
console.warn: SearchSettings: "get: No settings file exists, new profile?" (new Error("", "(unknown module)"))
1614614884418	Marionette	INFO	Listening on port 54782
1614614884584	Marionette	WARN	TLS certificate errors will be ignored for this session
1614614896201	Marionette	INFO	Stopped listening on port 54782

###!!! [Child][RunMessage] Error: Channel closing: too late to send/recv, messages will be lost

1614614897887	geckodriver	INFO	Listening on 127.0.0.1:54939
1614614900936	mozrunner::runner	INFO	Running command: "C:\\Program Files (x86)\\Mozilla Firefox\\firefox.exe" "--marionette" "-foreground" "-no-remote" "-profile" "C:\\Users\\trant\\AppData\\Local\\Temp\\rust_mozprofilenxdDnN"
console.warn: SearchSettings: "get: No settings file exists, new profile?" (new Error("", "(unknown module)"))
1614614903353	Marionette	INFO	Listening on port 54947
1614614903568	Marionette	WARN	TLS certificate errors will be ignored for this session
1614614910210	Marionette	INFO	Stopped listening on port 54947

###!!! [Child][RunMessage] Error: Channel closing: too late to send/recv, messages will be lost

1614614912005	geckodriver	INFO	Listening on 127.0.0.1:55066
1614614915053	mozrunner::runner	INFO	Running command: "C:\\Program Files (x86)\\Mozilla Firefox\\firefox.exe" "--marionette" "-foreground" "-no-remote" "-profile" "C:\\Users\\trant\\AppData\\Local\\Temp\\rust_mozprofileOVL82s"
console.warn: SearchSettings: "get: No settings file exists, new profile?" (new Error("", "(unknown module)"))
1614614917505	Marionette	INFO	Listening on port 55075
1614614923486	Marionette	INFO	Stopped listening on port 55075

###!!! [Child][RunMessage] Error: Channel closing: too late to send/recv, messages will be lost

1614615448622	geckodriver	INFO	Listening on 127.0.0.1:55362
1614615451670	mozrunner::runner	INFO	Running command: "C:\\Program Files (x86)\\Mozilla Firefox\\firefox.exe" "--marionette" "-headless" "-foreground" "-no-remote" "-profile" "C:\\Users\\trant\\AppData\\Local\\Temp\\rust_mozprofileGRaceE"
*** You are running in headless mode.
console.warn: SearchSettings: "get: No settings file exists, new profile?" (new Error("", "(unknown module)"))
1614615453552	Marionette	INFO	Listening on port 55370
1614615453697	Marionette	WARN	TLS certificate errors will be ignored for this session
JavaScript warning: https://mc.yandex.ru/metrika/watch.js, line 102: Failed to create WebGL context: WebGL creation failed: 
* Can't use WebGL in headless mode (https://bugzil.la/1375585).
JavaScript warning: https://mc.yandex.ru/metrika/watch.js, line 102: Failed to create WebGL context: WebGL creation failed: 
* Can't use WebGL in headless mode (https://bugzil.la/1375585).
1614615466886	Marionette	INFO	Stopped listening on port 55370
